<?xml version="1.0" encoding="UTF-8"?>
<!-- Generated by org.testng.reporters.JUnitReportReporter -->
<testsuite hostname="Srivarinis-MacBook-Air.local" failures="0" tests="1" name="com.sqcm.group4.Selenium.CanvasCalendarTest" time="28.133" errors="0" timestamp="2025-03-25T19:40:45 GMT-04:00" skipped="0">
  <testcase classname="com.sqcm.group4.Selenium.CanvasCalendarTest" name="verifyCanvasCalendarScenario" time="28.133"/>
</testsuite> <!-- com.sqcm.group4.Selenium.CanvasCalendarTest -->
