<?xml version="1.0" encoding="UTF-8"?>
<!-- Generated by org.testng.reporters.JUnitReportReporter -->
<testsuite hostname="Srivarinis-MacBook-Air.local" failures="0" tests="1" name="com.sqcm.group4.Selenium.DownloadDatasetTest" time="19.953" errors="0" timestamp="2025-03-25T19:40:45 GMT-04:00" skipped="0">
  <testcase classname="com.sqcm.group4.Selenium.DownloadDatasetTest" name="downloadDatasetTest" time="19.953"/>
</testsuite> <!-- com.sqcm.group4.Selenium.DownloadDatasetTest -->
